Available:
space num: 1732729
12 1685
12 1596
Available:
space num: 1732693
21 400
21 489
Available:
space num: 1732729
36 698
125 698
Available:
space num: 1732729
52 1035
52 946
Available:
space num: 1732702
77 861
166 861
Available:
space num: 1732729
89 9
89 98
Available:
space num: 1732729
151 1787
151 1698
Available:
space num: 1732693
171 1116
260 1116
Available:
space num: 1732720
202 1090
202 1001
Available:
space num: 1732711
205 145
205 234
Available:
space num: 1732712
208 1495
208 1406
Available:
space num: 1732703
208 1712
119 1712
Available:
space num: 1732729
211 1268
122 1268
Available:
space num: 1732721
217 781
306 781
Available:
space num: 1732729
328 1736
239 1736
Available:
space num: 1732702
345 1175
345 1264
Available:
space num: 1732693
352 141
441 141
Available:
space num: 1732711
378 1036
378 947
Available:
space num: 1732702
397 926
397 837
Available:
space num: 1732720
400 1243
311 1243
Available:
space num: 1732720
417 1032
506 1032
Available:
space num: 1732702
436 467
436 556
Available:
space num: 1732729
443 123
532 123
Available:
space num: 1732711
469 13
469 102
Available:
space num: 1732702
477 1160
477 1249
Available:
space num: 1732693
478 1763
478 1674
Available:
space num: 1732693
488 158
399 158
Available:
space num: 1732711
489 346
489 435
Available:
space num: 1732693
491 1263
491 1352
Available:
space num: 1732693
494 362
494 451
Available:
space num: 1732720
500 249
589 249
Available:
space num: 1732693
512 128
512 217
Available:
space num: 1732712
518 565
607 565
Available:
space num: 1732720
525 492
614 492
Available:
space num: 1732693
609 1548
609 1459
Available:
space num: 1732693
646 1333
557 1333
Available:
space num: 1732730
665 128
665 39
Available:
space num: 1732702
694 1274
783 1274
Available:
space num: 1732720
705 1371
705 1282
Available:
space num: 1732711
716 1146
716 1057
Available:
space num: 1732729
726 1375
815 1375
Available:
space num: 1732720
750 1464
750 1375
Available:
space num: 1732711
773 1468
684 1468
Available:
space num: 1732729
775 48
775 137
Available:
space num: 1732702
781 1061
781 1150
Available:
space num: 1732693
838 1366
927 1366
Available:
space num: 1732729
841 1423
841 1334
Available:
space num: 1732711
859 872
859 783
Available:
space num: 1732720
870 724
959 724
Available:
space num: 1732720
942 1262
853 1262
Available:
space num: 1732729
971 655
1060 655
Available:
space num: 1732729
1005 1482
1094 1482
Available:
space num: 1732693
1021 1131
1110 1131
Available:
space num: 1732711
1029 32
1029 121
Available:
space num: 1732702
1037 650
948 650
Available:
space num: 1732711
1046 427
957 427
Available:
space num: 1732720
1093 1779
1182 1779
Available:
space num: 1732693
1101 1240
1012 1240
Available:
space num: 1732711
1101 1640
1190 1640
Available:
space num: 1732730
1119 1301
1119 1212
Available:
space num: 1732702
1123 849
1034 849
Available:
space num: 1732693
1127 1288
1127 1377
Available:
space num: 1732720
1148 106
1148 195
Available:
space num: 1732711
1160 1775
1249 1775
Available:
space num: 1732729
1161 254
1161 165
Available:
space num: 1732721
1167 91
1167 180
Available:
space num: 1732702
1170 177
1081 177
Available:
space num: 1732702
1178 73
1178 162
Available:
space num: 1732711
1192 360
1192 449
Available:
space num: 1732720
1205 338
1205 427
Available:
space num: 1732693
1210 1118
1121 1118
Available:
space num: 1732729
1211 250
1211 339
Available:
space num: 1732693
1215 956
1126 956
Available:
space num: 1732729
1228 117
1317 117
Available:
space num: 1732756
1231 1660
1231 1749
Available:
space num: 1732721
1326 384
1415 384
Available:
space num: 1732693
1327 1220
1238 1220
Available:
space num: 1732711
1354 168
1265 168
Available:
space num: 1732720
1380 335
1380 424
Available:
space num: 1732729
1397 1571
1486 1571
Available:
space num: 1732729
1403 4
1492 4
Available:
space num: 1732720
1412 1027
1501 1027
Available:
space num: 1732702
1431 1547
1431 1458
Available:
space num: 1732729
1434 1436
1523 1436
Available:
space num: 1732693
1450 970
1450 881
Available:
space num: 1732720
1456 410
1545 410
Available:
space num: 1732720
1474 1254
1474 1165
Available:
space num: 1732711
1493 745
1493 656
Available:
space num: 1732720
1497 1395
1586 1395
Available:
space num: 1732720
1510 1666
1421 1666
Available:
space num: 1732720
1524 982
1435 982
Available:
space num: 1732702
1525 1670
1525 1759
Available:
space num: 1732711
1549 1407
1549 1496
Available:
space num: 1732711
1616 1000
1705 1000
Available:
space num: 1732720
1641 68
1552 68
Available:
space num: 1732720
1652 1507
1652 1418
Available:
space num: 1732694
1659 1296
1570 1296
Available:
space num: 1732721
1661 592
1572 592
Available:
space num: 1732757
1664 1767
1664 1678
Available:
space num: 1732721
1666 1754
1577 1754
Available:
space num: 1732720
1675 414
1586 414
Available:
space num: 1732702
1696 512
1607 512
Available:
space num: 1732694
1711 619
1711 530
Available:
space num: 1732693
1725 1221
1725 1310
Available:
space num: 1732720
1790 668
1701 668
Max:
1664 1767
1664 1678
运行时间：6262.88
